<?xml version="1.0" encoding="UTF-8" ?>
<testsuite errors="0" failures="0" hostname="mark-laptop" name="com.logansrings.booklibrary.AuthorControllerTests" tests="1" time="0.025" timestamp="2010-10-17T04:42:01">
  <properties />
  <testcase classname="com.logansrings.booklibrary.AuthorControllerTests" name="testSomething" time="0.017" />
  <system-out><![CDATA[--Output from testSomething--
]]></system-out>
  <system-err><![CDATA[--Output from testSomething--
]]></system-err>
</testsuite>
